[08/01/18, 04:10:20:170] info: ╔══════════════════════════════════════════════════════════════════════════════╗
[08/01/18, 04:10:20:171] info: ║      Slack 3.2.1, linux 4.16.13-1-ARCH on x64 at 08/01/18, 04:10:20:168      ║
[08/01/18, 04:10:20:171] info: ╚══════════════════════════════════════════════════════════════════════════════╝
[08/01/18, 04:10:20:236] info: Initializing local storage instance at path: /home/naichuk/.config/Slack/local-settings.json
[08/01/18, 04:10:20:459] error: Desktop module calls failed to load
{
  "error": {
    "message": "libCallsCore.so: cannot open shared object file: No such file or directory",
    "stack": "Error: libCallsCore.so: cannot open shared object file: No such file or directory\n    at process.module.(anonymous function) [as dlopen] (ELECTRON_ASAR.js:172:20)\n    at Object.Module._extensions..node (module.js:671:18)\n    at Object.module.(anonymous function) [as .node] (ELECTRON_ASAR.js:186:18)\n    at Module.load (module.js:561:32)\n    at tryModuleLoad (module.js:504:12)\n    at Function.Module._load (module.js:496:3)\n    at Module.require (module.js:586:17)\n    at require (internal/module.js:11:18)\n    at bindings (/usr/lib/slack/resources/app.asar/node_modules/@slack/slack-calls-prebuilt/modules/@slack/slack-calls/node_modules/bindings/bindings.js:81:44)\n    at Object.<anonymous> (/usr/lib/slack/resources/app.asar/node_modules/@slack/slack-calls-prebuilt/modules/@slack/slack-calls/index.js:1:192)"
  }
}
[08/01/18, 04:10:20:459] error: Desktop module calls failed to load
[08/01/18, 04:10:20:480] info: cld3::loadModule: loading cld3 module
[08/01/18, 04:10:20:503] info: cld3Loader::loadModule: running environment is NODE
[08/01/18, 04:10:20:503] info: cld3Loader::loadModule: constructed module object for runtime
[08/01/18, 04:10:20:612] info: cld3Loader::initializeRuntime: successfully initialized module
[08/01/18, 04:10:20:612] info: cld3Loader::loadModule: initialized wasm binary Runtime
[08/01/18, 04:10:20:621] info: SpellChecker:: updateSpellcheckerLanguage: Skip to set new language null, v2 spellchecker is not available
[08/01/18, 04:10:20:631] info: Main window preload script finished
{
  "readyTime": 675.151425
}
[08/01/18, 04:10:23:203] info: Skipping request to provide hint content for channel for spellchecker
{
  "version": "V2"
}
[08/01/18, 04:10:23:328] info: Store: UPSERT_WEB_CONTENTS
{
  "id": 3,
  "state": "loaded",
  "teamId": "T8XPR1RA7"
}
[08/01/18, 04:10:23:978] info: Store: UPDATE_SESSION_STATUS
{
  "hasValidSession": true,
  "teamId": "T8XPR1RA7"
}
[08/01/18, 04:10:23:980] info: Store: SELECT_CHANNEL CBTGFB1C7
[08/01/18, 04:10:23:980] info: Store: UPDATE_TEAM_LOCALE
{
  "locale": "en-US"
}
[08/01/18, 04:10:24:160] info: Store: UPDATE_TEAM_ICONS
{
  "icons": {
    "image_102": "https://slack-files2.s3-us-west-2.amazonaws.com/avatars/2018-03-01/323046492802_5625d7a8fab81aa6e80a_102.jpg",
    "image_132": "https://slack-files2.s3-us-west-2.amazonaws.com/avatars/2018-03-01/323046492802_5625d7a8fab81aa6e80a_132.jpg",
    "image_230": "https://slack-files2.s3-us-west-2.amazonaws.com/avatars/2018-03-01/323046492802_5625d7a8fab81aa6e80a_230.jpg",
    "image_34": "https://slack-files2.s3-us-west-2.amazonaws.com/avatars/2018-03-01/323046492802_5625d7a8fab81aa6e80a_34.jpg",
    "image_44": "https://slack-files2.s3-us-west-2.amazonaws.com/avatars/2018-03-01/323046492802_5625d7a8fab81aa6e80a_44.jpg",
    "image_68": "https://slack-files2.s3-us-west-2.amazonaws.com/avatars/2018-03-01/323046492802_5625d7a8fab81aa6e80a_68.jpg",
    "image_88": "https://slack-files2.s3-us-west-2.amazonaws.com/avatars/2018-03-01/323046492802_5625d7a8fab81aa6e80a_88.jpg",
    "image_original": "https://slack-files2.s3-us-west-2.amazonaws.com/avatars/2018-03-01/323046492802_5625d7a8fab81aa6e80a_original.jpg"
  },
  "teamId": "T8XPR1RA7"
}
[08/01/18, 04:10:24:160] info: Store: UPDATE_TEAM_LOCALE
{
  "locale": "en-US",
  "teamId": "T8XPR1RA7"
}
[08/01/18, 04:10:24:160] info: Store: UPSERT_WEB_CONTENTS
{
  "id": 3,
  "state": "webapp-loaded",
  "teamId": "T8XPR1RA7"
}
[08/01/18, 04:10:24:161] info: Store: UPDATE_SETTINGS
{
  "sandboxSigninWindow": true
}
[08/01/18, 04:10:24:279] info: Store: STORE_ENTERPRISE_ID_PAIR
{
  "enterpriseId": null,
  "teamId": "T8XPR1RA7"
}
[08/01/18, 04:10:24:280] info: Store: UPDATE_TEAM_THEME
{
  "teamId": "T8XPR1RA7",
  "theme": {
    "active_item": "#4C9689",
    "active_item_text": "#FFFFFF",
    "active_presence": "#38978D",
    "badge": "#EB4D5C",
    "column_bg": "#4D394B",
    "hover_item": "#3E313C",
    "menu_bg": "#3E313C",
    "text_color": "#FFFFFF"
  }
}
[08/01/18, 04:10:24:995] info: postLoadTaskSetup: Setup spellchecker
{
  "version": "V2"
}
[08/01/18, 04:10:25:010] info: loadAsmModule: loading hunspell-asm module
[08/01/18, 04:10:25:206] info: loadAsmModule: asm module loaded successfully
[08/01/18, 04:10:25:206] info: SpellChecker: Starting spellchecker with language detector
[08/01/18, 04:10:25:206] info: SpellChecker::enableSpellCheckerLanguageDetector: enable spellchecker language detector
[08/01/18, 04:10:25:207] info: SpellChecker::startWithDictionary: Starting language detector with preloaded dict from last used language en
[08/01/18, 04:10:25:316] info: download: downloading dictionary for 'en-us'
[08/01/18, 04:10:25:316] info: fetchResourceAsBuffer: downloading
{
  "filePath": "https://spellcheck.slack-edge.com/dictionaries/en-us/1/en-us.aff",
  "cachePolicy": "default"
}
[08/01/18, 04:10:25:333] info: fetchResourceAsBuffer: downloading
{
  "filePath": "https://spellcheck.slack-edge.com/dictionaries/en-us/1/en-us.dic",
  "cachePolicy": "default"
}
[08/01/18, 04:10:25:337] info: dictionaryDownloader: verifying hash
[08/01/18, 04:10:25:361] info: SpellChecker::downloadDictionary: Dictionary is ready for 
{
  "language": "en"
}
[08/01/18, 04:10:25:393] info: assignSpellchecker: spellCheckerTable added new checker for 'en'
[08/01/18, 04:10:25:395] info: SpellChecker::prepareDictionary: Dictionary buffer for 'en' is loaded into spellchecker
[08/01/18, 04:10:25:395] info: switchDictionary: switching dictionary to check spell from 'null' to 'en'
[08/01/18, 04:10:25:396] info: SpellChecker::switchDictionary: SpellChecker enabled for language
{
  "language": "en"
}
[08/01/18, 11:39:18:992] info: Store: NEW_NOTIFICATION
{
  "avatarImage": "https://ca.slack-edge.com/T8XPR1RA7-U8XSP003U-g2d535e8367a-512",
  "channel": "CBTGFB1C7",
  "content": "[REDACTED]",
  "id": "LBW7TPhmQYk8qAZ",
  "launchUri": "slack://channel?id=CBTGFB1C7&message=1533112758.000299&team=T8XPR1RA7",
  "msg": "1533112758.000299",
  "silent": true,
  "subtitle": "",
  "teamId": "T8XPR1RA7",
  "title": "[REDACTED]"
}
[08/01/18, 16:15:33:708] error: Aug-1 16:15:33.708 SOCKET-MANAGER (T8XPR1RA7) Closing socket because #4104: received goodbye from server
[08/01/18, 17:54:32:003] info: Store: NEW_NOTIFICATION
{
  "avatarImage": "https://ca.slack-edge.com/T8XPR1RA7-UB67J6D63-0d1c199468a3-512",
  "channel": "CBTGFB1C7",
  "content": "[REDACTED]",
  "id": "wg7VfviKM4g236E",
  "launchUri": "slack://channel?id=CBTGFB1C7&message=1533135271.000634&team=T8XPR1RA7",
  "msg": "1533135271.000634",
  "silent": true,
  "subtitle": "",
  "teamId": "T8XPR1RA7",
  "title": "[REDACTED]"
}
[08/01/18, 18:21:33:505] info: Store: NEW_NOTIFICATION
{
  "avatarImage": "https://ca.slack-edge.com/T8XPR1RA7-UB4EA0GD6-fd9a4878fa5a-512",
  "channel": "CBTGFB1C7",
  "content": "[REDACTED]",
  "id": "vJLlsOsAGgv8n0K",
  "launchUri": "slack://channel?id=CBTGFB1C7&message=1533136893.000331&team=T8XPR1RA7",
  "msg": "1533136893.000331",
  "silent": true,
  "subtitle": "",
  "teamId": "T8XPR1RA7",
  "title": "[REDACTED]"
}
[08/01/18, 18:44:39:131] info: Store: NEW_NOTIFICATION
{
  "avatarImage": "https://ca.slack-edge.com/T8XPR1RA7-UB67J6D63-0d1c199468a3-512",
  "channel": "CBTGFB1C7",
  "content": "[REDACTED]",
  "id": "GKWvCLtQ5By6w0L",
  "launchUri": "slack://channel?id=CBTGFB1C7&message=1533138279.000035&team=T8XPR1RA7",
  "msg": "1533138279.000035",
  "silent": true,
  "subtitle": "",
  "teamId": "T8XPR1RA7",
  "title": "[REDACTED]"
}
[08/02/18, 04:18:24:526] error: Aug-2 04:18:24.526 SOCKET-MANAGER (T8XPR1RA7) Closing socket because #4104: received goodbye from server
[08/02/18, 11:59:13:459] info: Store: NEW_NOTIFICATION
{
  "avatarImage": "https://ca.slack-edge.com/T8XPR1RA7-UB4EA0GD6-fd9a4878fa5a-512",
  "channel": "CBTGFB1C7",
  "content": "[REDACTED]",
  "id": "2JDxs8u2w8j9WxL",
  "launchUri": "slack://channel?id=CBTGFB1C7&message=1533200353.000242&team=T8XPR1RA7",
  "msg": "1533200353.000242",
  "silent": true,
  "subtitle": "",
  "teamId": "T8XPR1RA7",
  "title": "[REDACTED]"
}
[08/02/18, 12:02:00:890] info: Store: NEW_NOTIFICATION
{
  "avatarImage": "https://ca.slack-edge.com/T8XPR1RA7-UB67J6D63-0d1c199468a3-512",
  "channel": "CBTGFB1C7",
  "content": "[REDACTED]",
  "id": "l6ExcPCqMDZVlM5",
  "launchUri": "slack://channel?id=CBTGFB1C7&message=1533200520.000317&team=T8XPR1RA7",
  "msg": "1533200520.000317",
  "silent": true,
  "subtitle": "",
  "teamId": "T8XPR1RA7",
  "title": "[REDACTED]"
}
[08/02/18, 15:32:50:853] info: Store: NEW_NOTIFICATION
{
  "avatarImage": "https://ca.slack-edge.com/T8XPR1RA7-UB67J6D63-0d1c199468a3-512",
  "channel": "CBTGFB1C7",
  "content": "[REDACTED]",
  "id": "O96Mu0FrQJ68Q0z",
  "launchUri": "slack://channel?id=CBTGFB1C7&message=1533213170.000308&team=T8XPR1RA7",
  "msg": "1533213170.000308",
  "silent": true,
  "subtitle": "",
  "teamId": "T8XPR1RA7",
  "title": "[REDACTED]"
}
[08/02/18, 16:22:35:600] error: Aug-2 16:22:35.600 SOCKET-MANAGER (T8XPR1RA7) Closing socket because #4104: received goodbye from server
[08/02/18, 18:15:56:351] info: Store: NEW_NOTIFICATION
{
  "avatarImage": "https://ca.slack-edge.com/T8XPR1RA7-U8XSP003U-g2d535e8367a-512",
  "channel": "C8Y0R036H",
  "content": "[REDACTED]",
  "id": "6VKXuMH5KlqLZEE",
  "launchUri": "slack://channel?id=C8Y0R036H&message=1533222956.000218&team=T8XPR1RA7",
  "msg": "1533222956.000218",
  "silent": true,
  "subtitle": "",
  "teamId": "T8XPR1RA7",
  "title": "[REDACTED]"
}
[08/03/18, 04:24:36:960] error: Aug-3 04:24:36.960 SOCKET-MANAGER (T8XPR1RA7) Closing socket because #4104: received goodbye from server
[08/03/18, 06:29:19:545] info: Store: UPSERT_WEB_CONTENTS
{
  "id": 3,
  "state": "page-will-navigate",
  "teamId": "T8XPR1RA7"
}
[08/03/18, 06:29:19:621] info: Window is unloading, window.desktop is no longer accessible
