[07/26/18, 11:29:11:988] info: ╔══════════════════════════════════════════════════════════════════════════════╗
[07/26/18, 11:29:11:989] info: ║      Slack 3.2.1, linux 4.16.13-1-ARCH on x64 at 07/26/18, 11:29:11:986      ║
[07/26/18, 11:29:11:989] info: ╚══════════════════════════════════════════════════════════════════════════════╝
[07/26/18, 11:29:12:132] info: Initializing local storage instance at path: /home/naichuk/.config/Slack/local-settings.json
[07/26/18, 11:29:12:258] info: NetworkStatus: Waiting for network online…
[07/26/18, 11:29:12:454] info: Store: BACKGROUND_CLIENTS_INITIALIZED
[07/26/18, 11:29:12:455] info: Don't start background client because T8XPR1RA7 is selected team
[07/26/18, 11:29:12:458] info: Store: BACKGROUND_CLIENTS_INITIALIZED true
[07/26/18, 11:29:12:622] info: NetworkStatus: Response from api.test
{
  "status": "online"
}
[07/26/18, 11:29:13:025] info: Store: SET_NETWORK_STATUS online
[07/26/18, 11:29:16:347] info: Store: UPSERT_WEB_CONTENTS
{
  "id": 3,
  "state": "loaded",
  "teamId": "T8XPR1RA7"
}
[07/26/18, 11:29:16:352] info: Store: MAIN_WINDOW_SHOWN
[07/26/18, 11:29:16:593] info: Store: UPDATE_SESSION_STATUS
{
  "hasValidSession": true,
  "teamId": "T8XPR1RA7"
}
[07/26/18, 11:29:16:775] info: Store: SELECT_CHANNEL C8Y0R036H
[07/26/18, 11:29:16:777] info: Store: UPDATE_TEAM_LOCALE
{
  "locale": "en-US"
}
[07/26/18, 11:29:16:779] info: Store: UPDATE_SETTINGS
{
  "locale": "en-US"
}
[07/26/18, 11:29:17:327] info: Store: UPDATE_TEAM_ICONS
{
  "icons": {
    "image_102": "https://slack-files2.s3-us-west-2.amazonaws.com/avatars/2018-03-01/323046492802_5625d7a8fab81aa6e80a_102.jpg",
    "image_132": "https://slack-files2.s3-us-west-2.amazonaws.com/avatars/2018-03-01/323046492802_5625d7a8fab81aa6e80a_132.jpg",
    "image_230": "https://slack-files2.s3-us-west-2.amazonaws.com/avatars/2018-03-01/323046492802_5625d7a8fab81aa6e80a_230.jpg",
    "image_34": "https://slack-files2.s3-us-west-2.amazonaws.com/avatars/2018-03-01/323046492802_5625d7a8fab81aa6e80a_34.jpg",
    "image_44": "https://slack-files2.s3-us-west-2.amazonaws.com/avatars/2018-03-01/323046492802_5625d7a8fab81aa6e80a_44.jpg",
    "image_68": "https://slack-files2.s3-us-west-2.amazonaws.com/avatars/2018-03-01/323046492802_5625d7a8fab81aa6e80a_68.jpg",
    "image_88": "https://slack-files2.s3-us-west-2.amazonaws.com/avatars/2018-03-01/323046492802_5625d7a8fab81aa6e80a_88.jpg",
    "image_original": "https://slack-files2.s3-us-west-2.amazonaws.com/avatars/2018-03-01/323046492802_5625d7a8fab81aa6e80a_original.jpg"
  },
  "teamId": "T8XPR1RA7"
}
[07/26/18, 11:29:17:401] info: Store: SAVE_WINDOW_SETTINGS
{
  "isMaximized": false,
  "position": [
    0,
    20
  ],
  "size": [
    960,
    1060
  ]
}
[07/26/18, 11:29:17:451] info: Store: UPDATE_TEAM_LOCALE
{
  "locale": "en-US",
  "teamId": "T8XPR1RA7"
}
[07/26/18, 11:29:17:453] info: Store: UPSERT_WEB_CONTENTS
{
  "id": 3,
  "state": "webapp-loaded",
  "teamId": "T8XPR1RA7"
}
[07/26/18, 11:29:17:727] info: Store: UPDATE_TEAM_THEME
{
  "teamId": "T8XPR1RA7",
  "theme": {
    "active_item": "#4C9689",
    "active_item_text": "#FFFFFF",
    "active_presence": "#38978D",
    "badge": "#EB4D5C",
    "column_bg": "#4D394B",
    "hover_item": "#3E313C",
    "menu_bg": "#3E313C",
    "text_color": "#FFFFFF"
  }
}
[07/26/18, 11:29:17:733] info: Store: STORE_ENTERPRISE_ID_PAIR
{
  "enterpriseId": null,
  "teamId": "T8XPR1RA7"
}
[07/26/18, 11:29:17:735] info: Store: STORE_API_TOKEN
{
  "teamId": "T8XPR1RA7",
  "token": "xoxs-⋯"
}
[07/26/18, 11:29:27:172] info: Store: SAVE_WINDOW_SETTINGS
{
  "isMaximized": false,
  "position": [
    0,
    20
  ],
  "size": [
    1920,
    1060
  ]
}
[07/26/18, 11:31:16:851] info: Store: SELECT_CHANNEL CBTGFB1C7
[07/26/18, 13:53:57:581] info: Store: NEW_NOTIFICATION
{
  "avatarImage": "https://ca.slack-edge.com/T8XPR1RA7-U8XSP003U-g2d535e8367a-512",
  "channel": "CBTGFB1C7",
  "content": "[REDACTED]",
  "id": "ym4BCNhRJxx4k0A",
  "launchUri": "slack://channel?id=CBTGFB1C7&message=1532602437.000132&team=T8XPR1RA7",
  "msg": "1532602437.000132",
  "silent": true,
  "subtitle": "",
  "teamId": "T8XPR1RA7",
  "title": "[REDACTED]"
}
[07/26/18, 14:32:48:052] info: Store: NEW_NOTIFICATION
{
  "avatarImage": "https://ca.slack-edge.com/T8XPR1RA7-U8XSP003U-g2d535e8367a-512",
  "channel": "CBTGFB1C7",
  "content": "[REDACTED]",
  "id": "60wliPi5K9j9gjX",
  "launchUri": "slack://channel?id=CBTGFB1C7&message=1532604767.000265&team=T8XPR1RA7",
  "msg": "1532604767.000265",
  "silent": true,
  "subtitle": "",
  "teamId": "T8XPR1RA7",
  "title": "[REDACTED]"
}
[07/26/18, 14:46:43:540] info: Store: NEW_NOTIFICATION
{
  "avatarImage": "https://ca.slack-edge.com/T8XPR1RA7-U8XSP003U-g2d535e8367a-512",
  "channel": "CBTGFB1C7",
  "content": "[REDACTED]",
  "id": "nzA0SlsZQvPjrq7",
  "launchUri": "slack://channel?id=CBTGFB1C7&message=1532605603.000113&team=T8XPR1RA7",
  "msg": "1532605603.000113",
  "silent": true,
  "subtitle": "",
  "teamId": "T8XPR1RA7",
  "title": "[REDACTED]"
}
[07/26/18, 14:52:22:746] info: Store: NEW_NOTIFICATION
{
  "avatarImage": "https://ca.slack-edge.com/T8XPR1RA7-U8XSP003U-g2d535e8367a-512",
  "channel": "CBTGFB1C7",
  "content": "[REDACTED]",
  "id": "jnwjCyt7lMY9EP1",
  "launchUri": "slack://channel?id=CBTGFB1C7&message=1532605942.000206&team=T8XPR1RA7",
  "msg": "1532605942.000206",
  "silent": true,
  "subtitle": "",
  "teamId": "T8XPR1RA7",
  "title": "[REDACTED]"
}
