[07/23/18, 13:05:40:363] info: ╔══════════════════════════════════════════════════════════════════════════════╗
[07/23/18, 13:05:40:364] info: ║      Slack 3.2.1, linux 4.16.13-1-ARCH on x64 at 07/23/18, 13:05:40:361      ║
[07/23/18, 13:05:40:364] info: ╚══════════════════════════════════════════════════════════════════════════════╝
[07/23/18, 13:05:40:432] info: Initializing local storage instance at path: /home/naichuk/.config/Slack/local-settings.json
[07/23/18, 13:05:40:672] error: Desktop module calls failed to load
{
  "error": {
    "message": "libCallsCore.so: cannot open shared object file: No such file or directory",
    "stack": "Error: libCallsCore.so: cannot open shared object file: No such file or directory\n    at process.module.(anonymous function) [as dlopen] (ELECTRON_ASAR.js:172:20)\n    at Object.Module._extensions..node (module.js:671:18)\n    at Object.module.(anonymous function) [as .node] (ELECTRON_ASAR.js:186:18)\n    at Module.load (module.js:561:32)\n    at tryModuleLoad (module.js:504:12)\n    at Function.Module._load (module.js:496:3)\n    at Module.require (module.js:586:17)\n    at require (internal/module.js:11:18)\n    at bindings (/usr/lib/slack/resources/app.asar/node_modules/@slack/slack-calls-prebuilt/modules/@slack/slack-calls/node_modules/bindings/bindings.js:81:44)\n    at Object.<anonymous> (/usr/lib/slack/resources/app.asar/node_modules/@slack/slack-calls-prebuilt/modules/@slack/slack-calls/index.js:1:192)"
  }
}
[07/23/18, 13:05:40:672] error: Desktop module calls failed to load
[07/23/18, 13:05:40:692] info: cld3::loadModule: loading cld3 module
[07/23/18, 13:05:40:713] info: cld3Loader::loadModule: running environment is NODE
[07/23/18, 13:05:40:713] info: cld3Loader::loadModule: constructed module object for runtime
[07/23/18, 13:05:40:829] info: cld3Loader::initializeRuntime: successfully initialized module
[07/23/18, 13:05:40:829] info: cld3Loader::loadModule: initialized wasm binary Runtime
[07/23/18, 13:05:40:838] info: SpellChecker:: updateSpellcheckerLanguage: Skip to set new language null, v2 spellchecker is not available
[07/23/18, 13:05:40:847] info: Main window preload script finished
{
  "readyTime": 707.854845
}
[07/23/18, 13:05:43:657] info: Skipping request to provide hint content for channel for spellchecker
{
  "version": "V2"
}
[07/23/18, 13:05:43:773] info: Store: UPSERT_WEB_CONTENTS
{
  "id": 3,
  "state": "loaded",
  "teamId": "T8XPR1RA7"
}
[07/23/18, 13:05:43:775] info: Store: MAIN_WINDOW_SHOWN
[07/23/18, 13:05:44:340] info: postLoadTaskSetup: Desktop client fully loaded
{
  "loadedTime": 7630.610918
}
[07/23/18, 13:05:44:487] info: Store: UPDATE_SESSION_STATUS
{
  "hasValidSession": true,
  "teamId": "T8XPR1RA7"
}
[07/23/18, 13:05:44:489] info: Store: SELECT_CHANNEL CBTGFB1C7
[07/23/18, 13:05:44:489] info: Store: UPDATE_TEAM_LOCALE
{
  "locale": "en-US"
}
[07/23/18, 13:05:44:489] info: Store: UPDATE_SETTINGS
{
  "locale": "en-US"
}
[07/23/18, 13:05:44:636] info: Store: UPDATE_TEAM_ICONS
{
  "icons": {
    "image_102": "https://slack-files2.s3-us-west-2.amazonaws.com/avatars/2018-03-01/323046492802_5625d7a8fab81aa6e80a_102.jpg",
    "image_132": "https://slack-files2.s3-us-west-2.amazonaws.com/avatars/2018-03-01/323046492802_5625d7a8fab81aa6e80a_132.jpg",
    "image_230": "https://slack-files2.s3-us-west-2.amazonaws.com/avatars/2018-03-01/323046492802_5625d7a8fab81aa6e80a_230.jpg",
    "image_34": "https://slack-files2.s3-us-west-2.amazonaws.com/avatars/2018-03-01/323046492802_5625d7a8fab81aa6e80a_34.jpg",
    "image_44": "https://slack-files2.s3-us-west-2.amazonaws.com/avatars/2018-03-01/323046492802_5625d7a8fab81aa6e80a_44.jpg",
    "image_68": "https://slack-files2.s3-us-west-2.amazonaws.com/avatars/2018-03-01/323046492802_5625d7a8fab81aa6e80a_68.jpg",
    "image_88": "https://slack-files2.s3-us-west-2.amazonaws.com/avatars/2018-03-01/323046492802_5625d7a8fab81aa6e80a_88.jpg",
    "image_original": "https://slack-files2.s3-us-west-2.amazonaws.com/avatars/2018-03-01/323046492802_5625d7a8fab81aa6e80a_original.jpg"
  },
  "teamId": "T8XPR1RA7"
}
[07/23/18, 13:05:44:636] info: Store: SAVE_WINDOW_SETTINGS
{
  "isMaximized": false,
  "position": [
    0,
    20
  ],
  "size": [
    960,
    1060
  ]
}
[07/23/18, 13:05:44:637] info: Store: UPDATE_TEAM_LOCALE
{
  "locale": "en-US",
  "teamId": "T8XPR1RA7"
}
[07/23/18, 13:05:44:637] info: Store: UPSERT_WEB_CONTENTS
{
  "id": 3,
  "state": "webapp-loaded",
  "teamId": "T8XPR1RA7"
}
[07/23/18, 13:05:44:728] info: Store: UPDATE_TEAM_THEME
{
  "teamId": "T8XPR1RA7",
  "theme": {
    "active_item": "#4C9689",
    "active_item_text": "#FFFFFF",
    "active_presence": "#38978D",
    "badge": "#EB4D5C",
    "column_bg": "#4D394B",
    "hover_item": "#3E313C",
    "menu_bg": "#3E313C",
    "text_color": "#FFFFFF"
  }
}
[07/23/18, 13:05:44:738] info: Store: STORE_ENTERPRISE_ID_PAIR
{
  "enterpriseId": null,
  "teamId": "T8XPR1RA7"
}
[07/23/18, 13:05:44:863] info: Store: STORE_API_TOKEN
{
  "teamId": "T8XPR1RA7",
  "token": "xoxs-⋯"
}
[07/23/18, 13:05:45:480] info: postLoadTaskSetup: Setup spellchecker
{
  "version": "V2"
}
[07/23/18, 13:05:45:491] info: loadAsmModule: loading hunspell-asm module
[07/23/18, 13:05:45:689] info: loadAsmModule: asm module loaded successfully
[07/23/18, 13:05:45:689] info: SpellChecker: Starting spellchecker with language detector
[07/23/18, 13:05:45:689] info: SpellChecker::enableSpellCheckerLanguageDetector: enable spellchecker language detector
[07/23/18, 13:05:45:689] info: SpellChecker::startWithDictionary: Starting language detector with preloaded dict from last used language en
[07/23/18, 13:05:45:733] info: download: downloading dictionary for 'en-us'
[07/23/18, 13:05:45:733] info: fetchResourceAsBuffer: downloading
{
  "filePath": "https://spellcheck.slack-edge.com/dictionaries/en-us/1/en-us.aff",
  "cachePolicy": "default"
}
[07/23/18, 13:05:45:736] info: fetchResourceAsBuffer: downloading
{
  "filePath": "https://spellcheck.slack-edge.com/dictionaries/en-us/1/en-us.dic",
  "cachePolicy": "default"
}
[07/23/18, 13:05:45:740] info: dictionaryDownloader: verifying hash
[07/23/18, 13:05:45:804] info: SpellChecker::downloadDictionary: Dictionary is ready for 
{
  "language": "en"
}
[07/23/18, 13:05:45:839] info: assignSpellchecker: spellCheckerTable added new checker for 'en'
[07/23/18, 13:05:45:853] info: SpellChecker::prepareDictionary: Dictionary buffer for 'en' is loaded into spellchecker
[07/23/18, 13:05:45:853] info: switchDictionary: switching dictionary to check spell from 'null' to 'en'
[07/23/18, 13:05:45:854] info: SpellChecker::switchDictionary: SpellChecker enabled for language
{
  "language": "en"
}
[07/23/18, 13:05:47:988] info: Store: FOREGROUND_APP
[07/23/18, 13:05:49:017] info: Store: SAVE_WINDOW_SETTINGS
{
  "isMaximized": false,
  "position": [
    0,
    20
  ],
  "size": [
    1920,
    1060
  ]
}
[07/23/18, 13:05:51:650] info: Skipping request to provide hint content for channel for spellchecker
{
  "version": "V2"
}
[07/23/18, 13:05:51:752] info: Store: SELECT_CHANNEL C8Y0R036H
[07/23/18, 13:05:59:532] info: Skipping request to provide hint content for channel for spellchecker
{
  "version": "V2"
}
[07/23/18, 13:05:59:684] info: Store: SELECT_CHANNEL CBTGFB1C7
[07/23/18, 13:06:00:836] info: Skipping request to provide hint content for channel for spellchecker
{
  "version": "V2"
}
[07/23/18, 13:06:00:977] info: Store: SELECT_CHANNEL C8Y0R036H
[07/23/18, 13:06:02:899] info: Skipping request to provide hint content for channel for spellchecker
{
  "version": "V2"
}
[07/23/18, 13:06:03:042] info: Store: SELECT_CHANNEL CBTGFB1C7
[07/24/18, 01:07:54:211] error: Jul-24 01:07:54.211 SOCKET-MANAGER (T8XPR1RA7) Closing socket because #4104: received goodbye from server
[07/24/18, 02:38:04:139] info: Store: UPSERT_WEB_CONTENTS
{
  "id": 3,
  "state": "page-will-navigate",
  "teamId": "T8XPR1RA7"
}
[07/24/18, 02:38:04:142] info: Window is unloading, window.desktop is no longer accessible
[07/24/18, 02:38:04:419] info: Store: UPDATE_SESSION_STATUS
{
  "hasValidSession": true,
  "teamId": "T8XPR1RA7"
}
