[08/06/18, 15:35:28:769] info: ╔══════════════════════════════════════════════════════════════════════════════╗
[08/06/18, 15:35:28:770] info: ║      Slack 3.2.1, linux 4.16.13-1-ARCH on x64 at 08/06/18, 15:35:28:767      ║
[08/06/18, 15:35:28:770] info: ╚══════════════════════════════════════════════════════════════════════════════╝
[08/06/18, 15:35:28:841] info: Initializing local storage instance at path: /home/naichuk/.config/Slack/local-settings.json
[08/06/18, 15:35:29:099] error: Desktop module calls failed to load
{
  "error": {
    "message": "libCallsCore.so: cannot open shared object file: No such file or directory",
    "stack": "Error: libCallsCore.so: cannot open shared object file: No such file or directory\n    at process.module.(anonymous function) [as dlopen] (ELECTRON_ASAR.js:172:20)\n    at Object.Module._extensions..node (module.js:671:18)\n    at Object.module.(anonymous function) [as .node] (ELECTRON_ASAR.js:186:18)\n    at Module.load (module.js:561:32)\n    at tryModuleLoad (module.js:504:12)\n    at Function.Module._load (module.js:496:3)\n    at Module.require (module.js:586:17)\n    at require (internal/module.js:11:18)\n    at bindings (/usr/lib/slack/resources/app.asar/node_modules/@slack/slack-calls-prebuilt/modules/@slack/slack-calls/node_modules/bindings/bindings.js:81:44)\n    at Object.<anonymous> (/usr/lib/slack/resources/app.asar/node_modules/@slack/slack-calls-prebuilt/modules/@slack/slack-calls/index.js:1:192)"
  }
}
[08/06/18, 15:35:29:099] error: Desktop module calls failed to load
[08/06/18, 15:35:29:122] info: cld3::loadModule: loading cld3 module
[08/06/18, 15:35:29:144] info: cld3Loader::loadModule: running environment is NODE
[08/06/18, 15:35:29:144] info: cld3Loader::loadModule: constructed module object for runtime
[08/06/18, 15:35:29:269] info: cld3Loader::initializeRuntime: successfully initialized module
[08/06/18, 15:35:29:269] info: cld3Loader::loadModule: initialized wasm binary Runtime
[08/06/18, 15:35:29:279] info: SpellChecker:: updateSpellcheckerLanguage: Skip to set new language null, v2 spellchecker is not available
[08/06/18, 15:35:29:290] info: Main window preload script finished
{
  "readyTime": 756.344338
}
[08/06/18, 15:35:31:418] info: Store: UPSERT_WEB_CONTENTS
{
  "id": 3,
  "state": "loaded",
  "teamId": "T8XPR1RA7"
}
[08/06/18, 15:35:31:446] info: Store: MAIN_WINDOW_SHOWN
[08/06/18, 15:35:31:845] info: Skipping request to provide hint content for channel for spellchecker
{
  "version": "V2"
}
[08/06/18, 15:35:32:447] info: postLoadTaskSetup: Desktop client fully loaded
{
  "loadedTime": 7129.824294
}
[08/06/18, 15:35:32:615] info: Store: UPDATE_SESSION_STATUS
{
  "hasValidSession": true,
  "teamId": "T8XPR1RA7"
}
[08/06/18, 15:35:32:618] info: Store: SELECT_CHANNEL CBTGFB1C7
[08/06/18, 15:35:32:618] info: Store: UPDATE_TEAM_LOCALE
{
  "locale": "en-US",
  "teamId": "T8XPR1RA7"
}
[08/06/18, 15:35:32:618] info: Store: UPDATE_SETTINGS
{
  "locale": "en-US"
}
[08/06/18, 15:35:32:619] info: Store: UPDATE_TEAM_THEME
{
  "teamId": "T8XPR1RA7",
  "theme": {
    "active_item": "#4C9689",
    "active_item_text": "#FFFFFF",
    "active_presence": "#38978D",
    "badge": "#EB4D5C",
    "column_bg": "#4D394B",
    "hover_item": "#3E313C",
    "menu_bg": "#3E313C",
    "text_color": "#FFFFFF"
  }
}
[08/06/18, 15:35:32:732] info: Store: UPDATE_TEAM_ICONS
{
  "icons": {
    "image_102": "https://slack-files2.s3-us-west-2.amazonaws.com/avatars/2018-03-01/323046492802_5625d7a8fab81aa6e80a_102.jpg",
    "image_132": "https://slack-files2.s3-us-west-2.amazonaws.com/avatars/2018-03-01/323046492802_5625d7a8fab81aa6e80a_132.jpg",
    "image_230": "https://slack-files2.s3-us-west-2.amazonaws.com/avatars/2018-03-01/323046492802_5625d7a8fab81aa6e80a_230.jpg",
    "image_34": "https://slack-files2.s3-us-west-2.amazonaws.com/avatars/2018-03-01/323046492802_5625d7a8fab81aa6e80a_34.jpg",
    "image_44": "https://slack-files2.s3-us-west-2.amazonaws.com/avatars/2018-03-01/323046492802_5625d7a8fab81aa6e80a_44.jpg",
    "image_68": "https://slack-files2.s3-us-west-2.amazonaws.com/avatars/2018-03-01/323046492802_5625d7a8fab81aa6e80a_68.jpg",
    "image_88": "https://slack-files2.s3-us-west-2.amazonaws.com/avatars/2018-03-01/323046492802_5625d7a8fab81aa6e80a_88.jpg",
    "image_original": "https://slack-files2.s3-us-west-2.amazonaws.com/avatars/2018-03-01/323046492802_5625d7a8fab81aa6e80a_original.jpg"
  },
  "teamId": "T8XPR1RA7"
}
[08/06/18, 15:35:32:734] info: Store: SAVE_WINDOW_SETTINGS
{
  "isMaximized": false,
  "position": [
    0,
    20
  ],
  "size": [
    960,
    1060
  ]
}
[08/06/18, 15:35:32:734] info: Store: UPDATE_TEAM_LOCALE
{
  "locale": "en-US",
  "teamId": "T8XPR1RA7"
}
[08/06/18, 15:35:32:734] info: Store: UPSERT_WEB_CONTENTS
{
  "id": 3,
  "state": "webapp-loaded",
  "teamId": "T8XPR1RA7"
}
[08/06/18, 15:35:32:735] info: Store: UPDATE_SETTINGS
{
  "sandboxSigninWindow": true
}
[08/06/18, 15:35:32:839] info: Store: STORE_ENTERPRISE_ID_PAIR
{
  "enterpriseId": null,
  "teamId": "T8XPR1RA7"
}
[08/06/18, 15:35:32:839] info: Store: STORE_API_TOKEN
{
  "teamId": "T8XPR1RA7",
  "token": "xoxs-⋯"
}
[08/06/18, 15:35:33:553] info: postLoadTaskSetup: Setup spellchecker
{
  "version": "V2"
}
[08/06/18, 15:35:33:567] info: loadAsmModule: loading hunspell-asm module
[08/06/18, 15:35:33:773] info: loadAsmModule: asm module loaded successfully
[08/06/18, 15:35:33:773] info: SpellChecker: Starting spellchecker with language detector
[08/06/18, 15:35:33:774] info: SpellChecker::enableSpellCheckerLanguageDetector: enable spellchecker language detector
[08/06/18, 15:35:33:774] info: SpellChecker::startWithDictionary: Starting language detector with preloaded dict from last used language en
[08/06/18, 15:35:33:792] info: download: downloading dictionary for 'en-us'
[08/06/18, 15:35:33:793] info: fetchResourceAsBuffer: downloading
{
  "filePath": "https://spellcheck.slack-edge.com/dictionaries/en-us/1/en-us.aff",
  "cachePolicy": "default"
}
[08/06/18, 15:35:33:798] info: fetchResourceAsBuffer: downloading
{
  "filePath": "https://spellcheck.slack-edge.com/dictionaries/en-us/1/en-us.dic",
  "cachePolicy": "default"
}
[08/06/18, 15:35:33:804] info: dictionaryDownloader: verifying hash
[08/06/18, 15:35:33:836] info: SpellChecker::downloadDictionary: Dictionary is ready for 
{
  "language": "en"
}
[08/06/18, 15:35:33:870] info: assignSpellchecker: spellCheckerTable added new checker for 'en'
[08/06/18, 15:35:33:888] info: SpellChecker::prepareDictionary: Dictionary buffer for 'en' is loaded into spellchecker
[08/06/18, 15:35:33:889] info: switchDictionary: switching dictionary to check spell from 'null' to 'en'
[08/06/18, 15:35:33:889] info: SpellChecker::switchDictionary: SpellChecker enabled for language
{
  "language": "en"
}
[08/06/18, 15:52:29:064] info: Store: SAVE_WINDOW_SETTINGS
{
  "isMaximized": false,
  "position": [
    0,
    20
  ],
  "size": [
    1920,
    1060
  ]
}
[08/06/18, 15:52:30:392] info: Skipping request to provide hint content for channel for spellchecker
{
  "version": "V2"
}
[08/06/18, 15:52:30:513] info: Store: SELECT_CHANNEL C8Y0R036H
[08/06/18, 15:52:33:903] info: Skipping request to provide hint content for channel for spellchecker
{
  "version": "V2"
}
[08/06/18, 15:52:34:060] info: Store: SELECT_CHANNEL CBTGFB1C7
[08/06/18, 16:22:39:993] info: Store: NEW_NOTIFICATION
{
  "avatarImage": "https://ca.slack-edge.com/T8XPR1RA7-U8XSP003U-g2d535e8367a-512",
  "channel": "C8Y0R036H",
  "content": "[REDACTED]",
  "id": "p2zJUzhGnqPER7g",
  "launchUri": "slack://channel?id=C8Y0R036H&message=1533561759.000415&team=T8XPR1RA7",
  "msg": "1533561759.000415",
  "silent": true,
  "subtitle": "",
  "teamId": "T8XPR1RA7",
  "title": "[REDACTED]"
}
[08/06/18, 16:23:25:101] info: Store: FOREGROUND_APP
[08/06/18, 16:23:25:110] info: Store: SET_FULL_SCREEN
[08/06/18, 16:23:26:948] info: Store: SET_FULL_SCREEN
[08/06/18, 16:23:30:595] info: Skipping request to provide hint content for channel for spellchecker
{
  "version": "V2"
}
[08/06/18, 16:23:30:741] info: Store: SELECT_CHANNEL C8Y0R036H
[08/06/18, 16:47:20:370] info: Skipping request to provide hint content for channel for spellchecker
{
  "version": "V2"
}
[08/06/18, 16:47:20:536] info: Store: SELECT_CHANNEL CBTGFB1C7
[08/06/18, 17:04:13:553] info: Skipping request to provide hint content for channel for spellchecker
{
  "version": "V2"
}
[08/06/18, 17:04:13:708] info: Store: SELECT_CHANNEL C8Y0R036H
[08/06/18, 17:09:29:527] info: Store: FOREGROUND_APP
[08/06/18, 17:09:29:534] info: Store: SET_FULL_SCREEN
[08/06/18, 17:09:31:664] info: Store: SET_FULL_SCREEN
[08/06/18, 18:15:14:821] info: Skipping request to provide hint content for channel for spellchecker
{
  "version": "V2"
}
[08/06/18, 18:15:14:880] info: Store: SELECT_CHANNEL CBTGFB1C7
[08/06/18, 18:15:18:015] info: Skipping request to provide hint content for channel for spellchecker
{
  "version": "V2"
}
[08/06/18, 18:15:18:168] info: Store: SELECT_CHANNEL C8Y0R036H
[08/07/18, 03:53:12:354] error: Aug-7 03:53:12.354 SOCKET-MANAGER (T8XPR1RA7) Closing socket because #4108: unexpected socket closure
[08/07/18, 10:20:17:807] info: Store: OPEN_CONTEXT_MENU
{
  "id": 3,
  "params": "[REDACTED]"
}
[08/07/18, 10:23:28:439] info: Store: NEW_NOTIFICATION
{
  "avatarImage": "https://ca.slack-edge.com/T8XPR1RA7-U8XSP003U-g2d535e8367a-512",
  "channel": "C8Y0R036H",
  "content": "[REDACTED]",
  "id": "LJPKfkimQxoEYx9",
  "launchUri": "slack://channel?id=C8Y0R036H&message=1533626608.000123&team=T8XPR1RA7",
  "msg": "1533626608.000123",
  "silent": true,
  "subtitle": "",
  "teamId": "T8XPR1RA7",
  "title": "[REDACTED]"
}
