[07/26/18, 11:29:13:699] info: ╔══════════════════════════════════════════════════════════════════════════════╗
[07/26/18, 11:29:13:700] info: ║      Slack 3.2.1, linux 4.16.13-1-ARCH on x64 at 07/26/18, 11:29:13:697      ║
[07/26/18, 11:29:13:700] info: ╚══════════════════════════════════════════════════════════════════════════════╝
[07/26/18, 11:29:13:766] info: Initializing local storage instance at path: /home/naichuk/.config/Slack/local-settings.json
[07/26/18, 11:29:13:997] error: Desktop module calls failed to load
{
  "error": {
    "message": "libCallsCore.so: cannot open shared object file: No such file or directory",
    "stack": "Error: libCallsCore.so: cannot open shared object file: No such file or directory\n    at process.module.(anonymous function) [as dlopen] (ELECTRON_ASAR.js:172:20)\n    at Object.Module._extensions..node (module.js:671:18)\n    at Object.module.(anonymous function) [as .node] (ELECTRON_ASAR.js:186:18)\n    at Module.load (module.js:561:32)\n    at tryModuleLoad (module.js:504:12)\n    at Function.Module._load (module.js:496:3)\n    at Module.require (module.js:586:17)\n    at require (internal/module.js:11:18)\n    at bindings (/usr/lib/slack/resources/app.asar/node_modules/@slack/slack-calls-prebuilt/modules/@slack/slack-calls/node_modules/bindings/bindings.js:81:44)\n    at Object.<anonymous> (/usr/lib/slack/resources/app.asar/node_modules/@slack/slack-calls-prebuilt/modules/@slack/slack-calls/index.js:1:192)"
  }
}
[07/26/18, 11:29:13:997] error: Desktop module calls failed to load
[07/26/18, 11:29:14:020] info: cld3::loadModule: loading cld3 module
[07/26/18, 11:29:14:041] info: cld3Loader::loadModule: running environment is NODE
[07/26/18, 11:29:14:041] info: cld3Loader::loadModule: constructed module object for runtime
[07/26/18, 11:29:14:152] info: cld3Loader::initializeRuntime: successfully initialized module
[07/26/18, 11:29:14:152] info: cld3Loader::loadModule: initialized wasm binary Runtime
[07/26/18, 11:29:14:160] info: SpellChecker:: updateSpellcheckerLanguage: Skip to set new language null, v2 spellchecker is not available
[07/26/18, 11:29:14:170] info: Main window preload script finished
{
  "readyTime": 690.092604
}
[07/26/18, 11:29:16:773] info: Skipping request to provide hint content for channel for spellchecker
{
  "version": "V2"
}
[07/26/18, 11:29:16:895] info: Store: UPSERT_WEB_CONTENTS
{
  "id": 3,
  "state": "loaded",
  "teamId": "T8XPR1RA7"
}
[07/26/18, 11:29:16:897] info: Store: MAIN_WINDOW_SHOWN
[07/26/18, 11:29:17:443] info: postLoadTaskSetup: Desktop client fully loaded
{
  "loadedTime": 7179.076008
}
[07/26/18, 11:29:17:605] info: Store: UPDATE_SESSION_STATUS
{
  "hasValidSession": true,
  "teamId": "T8XPR1RA7"
}
[07/26/18, 11:29:17:607] info: Store: SELECT_CHANNEL C8Y0R036H
[07/26/18, 11:29:17:607] info: Store: UPDATE_TEAM_LOCALE
{
  "locale": "en-US"
}
[07/26/18, 11:29:17:608] info: Store: UPDATE_SETTINGS
{
  "locale": "en-US"
}
[07/26/18, 11:29:17:727] info: Store: UPDATE_TEAM_ICONS
{
  "icons": {
    "image_102": "https://slack-files2.s3-us-west-2.amazonaws.com/avatars/2018-03-01/323046492802_5625d7a8fab81aa6e80a_102.jpg",
    "image_132": "https://slack-files2.s3-us-west-2.amazonaws.com/avatars/2018-03-01/323046492802_5625d7a8fab81aa6e80a_132.jpg",
    "image_230": "https://slack-files2.s3-us-west-2.amazonaws.com/avatars/2018-03-01/323046492802_5625d7a8fab81aa6e80a_230.jpg",
    "image_34": "https://slack-files2.s3-us-west-2.amazonaws.com/avatars/2018-03-01/323046492802_5625d7a8fab81aa6e80a_34.jpg",
    "image_44": "https://slack-files2.s3-us-west-2.amazonaws.com/avatars/2018-03-01/323046492802_5625d7a8fab81aa6e80a_44.jpg",
    "image_68": "https://slack-files2.s3-us-west-2.amazonaws.com/avatars/2018-03-01/323046492802_5625d7a8fab81aa6e80a_68.jpg",
    "image_88": "https://slack-files2.s3-us-west-2.amazonaws.com/avatars/2018-03-01/323046492802_5625d7a8fab81aa6e80a_88.jpg",
    "image_original": "https://slack-files2.s3-us-west-2.amazonaws.com/avatars/2018-03-01/323046492802_5625d7a8fab81aa6e80a_original.jpg"
  },
  "teamId": "T8XPR1RA7"
}
[07/26/18, 11:29:17:729] info: Store: SAVE_WINDOW_SETTINGS
{
  "isMaximized": false,
  "position": [
    0,
    20
  ],
  "size": [
    960,
    1060
  ]
}
[07/26/18, 11:29:17:729] info: Store: UPDATE_TEAM_LOCALE
{
  "locale": "en-US",
  "teamId": "T8XPR1RA7"
}
[07/26/18, 11:29:17:730] info: Store: UPSERT_WEB_CONTENTS
{
  "id": 3,
  "state": "webapp-loaded",
  "teamId": "T8XPR1RA7"
}
[07/26/18, 11:29:17:817] info: Store: UPDATE_TEAM_THEME
{
  "teamId": "T8XPR1RA7",
  "theme": {
    "active_item": "#4C9689",
    "active_item_text": "#FFFFFF",
    "active_presence": "#38978D",
    "badge": "#EB4D5C",
    "column_bg": "#4D394B",
    "hover_item": "#3E313C",
    "menu_bg": "#3E313C",
    "text_color": "#FFFFFF"
  }
}
[07/26/18, 11:29:17:819] info: Store: STORE_ENTERPRISE_ID_PAIR
{
  "enterpriseId": null,
  "teamId": "T8XPR1RA7"
}
[07/26/18, 11:29:17:819] info: Store: STORE_API_TOKEN
{
  "teamId": "T8XPR1RA7",
  "token": "xoxs-⋯"
}
[07/26/18, 11:29:18:537] info: postLoadTaskSetup: Setup spellchecker
{
  "version": "V2"
}
[07/26/18, 11:29:18:550] info: loadAsmModule: loading hunspell-asm module
[07/26/18, 11:29:18:745] info: loadAsmModule: asm module loaded successfully
[07/26/18, 11:29:18:745] info: SpellChecker: Starting spellchecker with language detector
[07/26/18, 11:29:18:745] info: SpellChecker::enableSpellCheckerLanguageDetector: enable spellchecker language detector
[07/26/18, 11:29:18:745] info: SpellChecker::startWithDictionary: Starting language detector with preloaded dict from last used language en
[07/26/18, 11:29:18:831] info: download: downloading dictionary for 'en-us'
[07/26/18, 11:29:18:831] info: fetchResourceAsBuffer: downloading
{
  "filePath": "https://spellcheck.slack-edge.com/dictionaries/en-us/1/en-us.aff",
  "cachePolicy": "default"
}
[07/26/18, 11:29:19:068] info: fetchResourceAsBuffer: downloading
{
  "filePath": "https://spellcheck.slack-edge.com/dictionaries/en-us/1/en-us.dic",
  "cachePolicy": "default"
}
[07/26/18, 11:29:20:222] info: dictionaryDownloader: verifying hash
[07/26/18, 11:29:20:246] info: SpellChecker::downloadDictionary: Dictionary is ready for 
{
  "language": "en"
}
[07/26/18, 11:29:20:279] info: assignSpellchecker: spellCheckerTable added new checker for 'en'
[07/26/18, 11:29:20:296] info: SpellChecker::prepareDictionary: Dictionary buffer for 'en' is loaded into spellchecker
[07/26/18, 11:29:20:296] info: switchDictionary: switching dictionary to check spell from 'null' to 'en'
[07/26/18, 11:29:20:296] info: SpellChecker::switchDictionary: SpellChecker enabled for language
{
  "language": "en"
}
[07/26/18, 11:29:27:172] info: Store: SAVE_WINDOW_SETTINGS
{
  "isMaximized": false,
  "position": [
    0,
    20
  ],
  "size": [
    1920,
    1060
  ]
}
[07/26/18, 11:31:16:850] info: Skipping request to provide hint content for channel for spellchecker
{
  "version": "V2"
}
[07/26/18, 11:31:16:927] info: Store: SELECT_CHANNEL CBTGFB1C7
[07/26/18, 13:53:57:765] info: Store: NEW_NOTIFICATION
{
  "avatarImage": "https://ca.slack-edge.com/T8XPR1RA7-U8XSP003U-g2d535e8367a-512",
  "channel": "CBTGFB1C7",
  "content": "[REDACTED]",
  "id": "ym4BCNhRJxx4k0A",
  "launchUri": "slack://channel?id=CBTGFB1C7&message=1532602437.000132&team=T8XPR1RA7",
  "msg": "1532602437.000132",
  "silent": true,
  "subtitle": "",
  "teamId": "T8XPR1RA7",
  "title": "[REDACTED]"
}
[07/26/18, 14:32:48:056] info: Store: NEW_NOTIFICATION
{
  "avatarImage": "https://ca.slack-edge.com/T8XPR1RA7-U8XSP003U-g2d535e8367a-512",
  "channel": "CBTGFB1C7",
  "content": "[REDACTED]",
  "id": "60wliPi5K9j9gjX",
  "launchUri": "slack://channel?id=CBTGFB1C7&message=1532604767.000265&team=T8XPR1RA7",
  "msg": "1532604767.000265",
  "silent": true,
  "subtitle": "",
  "teamId": "T8XPR1RA7",
  "title": "[REDACTED]"
}
[07/26/18, 14:39:40:673] error: Jul-26 14:39:40.673 (T8XPR1RA7) user_typing event from user (UBSBXSP3N) not in model; ignoring
[07/26/18, 14:39:44:614] error: Jul-26 14:39:44.614 (T8XPR1RA7) user_typing event from user (UBSBXSP3N) not in model; ignoring
[07/26/18, 14:39:53:076] error: Jul-26 14:39:53.076 (T8XPR1RA7) user_typing event from user (UBSBXSP3N) not in model; ignoring
[07/26/18, 14:39:56:500] error: Jul-26 14:39:56.499 (T8XPR1RA7) user_typing event from user (UBSBXSP3N) not in model; ignoring
[07/26/18, 14:40:00:653] error: Jul-26 14:40:00.652 (T8XPR1RA7) user_typing event from user (UBSBXSP3N) not in model; ignoring
[07/26/18, 14:40:12:543] error: Jul-26 14:40:12.543 (T8XPR1RA7) user_typing event from user (UBSBXSP3N) not in model; ignoring
[07/26/18, 14:40:22:394] error: Jul-26 14:40:22.394 (T8XPR1RA7) user_typing event from user (UBSBXSP3N) not in model; ignoring
[07/26/18, 14:41:06:927] error: Jul-26 14:41:06.926 (T8XPR1RA7) user_typing event from user (UBSF3MW9H) not in model; ignoring
[07/26/18, 14:41:09:953] error: Jul-26 14:41:09.953 (T8XPR1RA7) user_typing event from user (UBSF3MW9H) not in model; ignoring
[07/26/18, 14:41:13:665] error: Jul-26 14:41:13.665 (T8XPR1RA7) user_typing event from user (UBSF3MW9H) not in model; ignoring
[07/26/18, 14:46:43:541] info: Store: NEW_NOTIFICATION
{
  "avatarImage": "https://ca.slack-edge.com/T8XPR1RA7-U8XSP003U-g2d535e8367a-512",
  "channel": "CBTGFB1C7",
  "content": "[REDACTED]",
  "id": "nzA0SlsZQvPjrq7",
  "launchUri": "slack://channel?id=CBTGFB1C7&message=1532605603.000113&team=T8XPR1RA7",
  "msg": "1532605603.000113",
  "silent": true,
  "subtitle": "",
  "teamId": "T8XPR1RA7",
  "title": "[REDACTED]"
}
[07/26/18, 14:52:22:749] info: Store: NEW_NOTIFICATION
{
  "avatarImage": "https://ca.slack-edge.com/T8XPR1RA7-U8XSP003U-g2d535e8367a-512",
  "channel": "CBTGFB1C7",
  "content": "[REDACTED]",
  "id": "jnwjCyt7lMY9EP1",
  "launchUri": "slack://channel?id=CBTGFB1C7&message=1532605942.000206&team=T8XPR1RA7",
  "msg": "1532605942.000206",
  "silent": true,
  "subtitle": "",
  "teamId": "T8XPR1RA7",
  "title": "[REDACTED]"
}
