VirtualBox XPCOM Server 5.2.16 r123745 linux.amd64 (Jul 31 2018 19:13:35) release log
00:00:00.002778 main     Log opened 2018-08-07T09:52:25.480074000Z
00:00:00.002779 main     Build Type: release
00:00:00.002781 main     OS Product: Linux
00:00:00.002781 main     OS Release: 4.17.12-arch1-1-ARCH
00:00:00.002782 main     OS Version: #1 SMP PREEMPT Fri Aug 3 07:16:41 UTC 2018
00:00:00.002802 main     DMI Product Name: MS-7A39
00:00:00.002811 main     DMI Product Version: 1.0
00:00:00.002841 main     Host RAM: 6983MB (6.8GB) total, 4071MB (3.9GB) available
00:00:00.002843 main     Executable: /usr/lib/virtualbox/VBoxSVC
00:00:00.002844 main     Process ID: 4507
00:00:00.002844 main     Package type: LINUX_64BITS_GENERIC (OSE)
00:00:00.004369 main     IPC socket path: /tmp/.vbox-naichuk-ipc/ipcd
00:00:00.113964 nspr-2   VirtualBox: object creation starts
00:00:00.115324 nspr-2   Home directory: '/home/naichuk/.config/VirtualBox'
00:00:00.115857 nspr-2   Loading settings file "/home/naichuk/.config/VirtualBox/VirtualBox.xml" with version "1.12-linux"
00:00:00.122175 nspr-2   NAT: resolv.conf: nameserver 10.30.8.1
00:00:00.122186 nspr-2   HostDnsMonitor: old information
00:00:00.122188 nspr-2     no server entries
00:00:00.122189 nspr-2     no domain set
00:00:00.122191 nspr-2     no search string entries
00:00:00.122193 nspr-2   HostDnsMonitor: new information
00:00:00.122194 nspr-2     server 1: 10.30.8.1
00:00:00.122196 nspr-2     no domain set
00:00:00.122198 nspr-2     no search string entries
00:00:00.122200 nspr-2   HostDnsMonitorProxy::notify
00:00:00.141385 nspr-2   VD: VDInit finished with VINF_SUCCESS
00:00:00.142032 nspr-2   ERROR [COM]: aRC=NS_ERROR_FAILURE (0x80004005) aIID={0eb668d2-495e-5a36-8890-29999b5f030c} aComponent={SystemPropertiesWrap} aText={Cannot determine default Guest Additions ISO location. Most likely they are not available}, preserve=false aResultDetail=0
00:00:00.149811 nspr-2   Loading settings file "/home/naichuk/.minikube/machines/minikube/minikube/minikube.vbox" with version "1.15-linux"
00:00:00.150480 nspr-2   VirtualBox: object created
00:00:00.166809 nspr-2   ERROR [COM]: aRC=VBOX_E_OBJECT_NOT_FOUND (0x80bb0001) aIID={85cd948e-a71f-4289-281e-0ca7ad48cd89} aComponent={SessionMachine} aText={No storage device attached to device slot 0 on port 2 of controller 'SATA'}, preserve=false aResultDetail=0
00:00:00.166948 nspr-3   ERROR [COM]: aRC=VBOX_E_OBJECT_NOT_FOUND (0x80bb0001) aIID={85cd948e-a71f-4289-281e-0ca7ad48cd89} aComponent={SessionMachine} aText={No storage device attached to device slot 0 on port 2 of controller 'SATA'}, preserve=false aResultDetail=0
00:00:00.167048 nspr-3   ERROR [COM]: aRC=VBOX_E_OBJECT_NOT_FOUND (0x80bb0001) aIID={85cd948e-a71f-4289-281e-0ca7ad48cd89} aComponent={SessionMachine} aText={No storage device attached to device slot 0 on port 3 of controller 'SATA'}, preserve=false aResultDetail=0
00:00:00.167138 nspr-3   ERROR [COM]: aRC=VBOX_E_OBJECT_NOT_FOUND (0x80bb0001) aIID={85cd948e-a71f-4289-281e-0ca7ad48cd89} aComponent={SessionMachine} aText={No storage device attached to device slot 0 on port 3 of controller 'SATA'}, preserve=false aResultDetail=0
00:00:00.167774 nspr-2   ERROR [COM]: aRC=VBOX_E_OBJECT_NOT_FOUND (0x80bb0001) aIID={85cd948e-a71f-4289-281e-0ca7ad48cd89} aComponent={SessionMachine} aText={No storage device attached to device slot 0 on port 4 of controller 'SATA'}, preserve=false aResultDetail=0
00:00:00.167893 nspr-2   ERROR [COM]: aRC=VBOX_E_OBJECT_NOT_FOUND (0x80bb0001) aIID={85cd948e-a71f-4289-281e-0ca7ad48cd89} aComponent={SessionMachine} aText={No storage device attached to device slot 0 on port 4 of controller 'SATA'}, preserve=false aResultDetail=0
00:00:00.167995 nspr-2   ERROR [COM]: aRC=VBOX_E_OBJECT_NOT_FOUND (0x80bb0001) aIID={85cd948e-a71f-4289-281e-0ca7ad48cd89} aComponent={SessionMachine} aText={No storage device attached to device slot 0 on port 5 of controller 'SATA'}, preserve=false aResultDetail=0
00:00:00.168081 nspr-2   ERROR [COM]: aRC=VBOX_E_OBJECT_NOT_FOUND (0x80bb0001) aIID={85cd948e-a71f-4289-281e-0ca7ad48cd89} aComponent={SessionMachine} aText={No storage device attached to device slot 0 on port 5 of controller 'SATA'}, preserve=false aResultDetail=0
00:00:00.168192 nspr-2   ERROR [COM]: aRC=VBOX_E_OBJECT_NOT_FOUND (0x80bb0001) aIID={85cd948e-a71f-4289-281e-0ca7ad48cd89} aComponent={SessionMachine} aText={No storage device attached to device slot 0 on port 6 of controller 'SATA'}, preserve=false aResultDetail=0
00:00:00.168290 nspr-2   ERROR [COM]: aRC=VBOX_E_OBJECT_NOT_FOUND (0x80bb0001) aIID={85cd948e-a71f-4289-281e-0ca7ad48cd89} aComponent={SessionMachine} aText={No storage device attached to device slot 0 on port 6 of controller 'SATA'}, preserve=false aResultDetail=0
00:00:00.168689 nspr-2   ERROR [COM]: aRC=VBOX_E_OBJECT_NOT_FOUND (0x80bb0001) aIID={85cd948e-a71f-4289-281e-0ca7ad48cd89} aComponent={SessionMachine} aText={No storage device attached to device slot 0 on port 7 of controller 'SATA'}, preserve=false aResultDetail=0
00:00:00.168790 nspr-2   ERROR [COM]: aRC=VBOX_E_OBJECT_NOT_FOUND (0x80bb0001) aIID={85cd948e-a71f-4289-281e-0ca7ad48cd89} aComponent={SessionMachine} aText={No storage device attached to device slot 0 on port 7 of controller 'SATA'}, preserve=false aResultDetail=0
00:00:00.168894 nspr-2   ERROR [COM]: aRC=VBOX_E_OBJECT_NOT_FOUND (0x80bb0001) aIID={85cd948e-a71f-4289-281e-0ca7ad48cd89} aComponent={SessionMachine} aText={No storage device attached to device slot 0 on port 8 of controller 'SATA'}, preserve=false aResultDetail=0
00:00:00.168998 nspr-2   ERROR [COM]: aRC=VBOX_E_OBJECT_NOT_FOUND (0x80bb0001) aIID={85cd948e-a71f-4289-281e-0ca7ad48cd89} aComponent={SessionMachine} aText={No storage device attached to device slot 0 on port 8 of controller 'SATA'}, preserve=false aResultDetail=0
00:00:00.169107 nspr-2   ERROR [COM]: aRC=VBOX_E_OBJECT_NOT_FOUND (0x80bb0001) aIID={85cd948e-a71f-4289-281e-0ca7ad48cd89} aComponent={SessionMachine} aText={No storage device attached to device slot 0 on port 9 of controller 'SATA'}, preserve=false aResultDetail=0
00:00:00.169198 nspr-2   ERROR [COM]: aRC=VBOX_E_OBJECT_NOT_FOUND (0x80bb0001) aIID={85cd948e-a71f-4289-281e-0ca7ad48cd89} aComponent={SessionMachine} aText={No storage device attached to device slot 0 on port 9 of controller 'SATA'}, preserve=false aResultDetail=0
00:00:00.169297 nspr-2   ERROR [COM]: aRC=VBOX_E_OBJECT_NOT_FOUND (0x80bb0001) aIID={85cd948e-a71f-4289-281e-0ca7ad48cd89} aComponent={SessionMachine} aText={No storage device attached to device slot 0 on port 10 of controller 'SATA'}, preserve=false aResultDetail=0
00:00:00.169381 nspr-2   ERROR [COM]: aRC=VBOX_E_OBJECT_NOT_FOUND (0x80bb0001) aIID={85cd948e-a71f-4289-281e-0ca7ad48cd89} aComponent={SessionMachine} aText={No storage device attached to device slot 0 on port 10 of controller 'SATA'}, preserve=false aResultDetail=0
00:00:00.169488 nspr-2   ERROR [COM]: aRC=VBOX_E_OBJECT_NOT_FOUND (0x80bb0001) aIID={85cd948e-a71f-4289-281e-0ca7ad48cd89} aComponent={SessionMachine} aText={No storage device attached to device slot 0 on port 11 of controller 'SATA'}, preserve=false aResultDetail=0
00:00:00.169659 nspr-2   ERROR [COM]: aRC=VBOX_E_OBJECT_NOT_FOUND (0x80bb0001) aIID={85cd948e-a71f-4289-281e-0ca7ad48cd89} aComponent={SessionMachine} aText={No storage device attached to device slot 0 on port 11 of controller 'SATA'}, preserve=false aResultDetail=0
00:00:00.169741 nspr-2   ERROR [COM]: aRC=VBOX_E_OBJECT_NOT_FOUND (0x80bb0001) aIID={85cd948e-a71f-4289-281e-0ca7ad48cd89} aComponent={SessionMachine} aText={No storage device attached to device slot 0 on port 12 of controller 'SATA'}, preserve=false aResultDetail=0
00:00:00.169817 nspr-2   ERROR [COM]: aRC=VBOX_E_OBJECT_NOT_FOUND (0x80bb0001) aIID={85cd948e-a71f-4289-281e-0ca7ad48cd89} aComponent={SessionMachine} aText={No storage device attached to device slot 0 on port 12 of controller 'SATA'}, preserve=false aResultDetail=0
00:00:00.169889 nspr-2   ERROR [COM]: aRC=VBOX_E_OBJECT_NOT_FOUND (0x80bb0001) aIID={85cd948e-a71f-4289-281e-0ca7ad48cd89} aComponent={SessionMachine} aText={No storage device attached to device slot 0 on port 13 of controller 'SATA'}, preserve=false aResultDetail=0
00:00:00.169967 nspr-2   ERROR [COM]: aRC=VBOX_E_OBJECT_NOT_FOUND (0x80bb0001) aIID={85cd948e-a71f-4289-281e-0ca7ad48cd89} aComponent={SessionMachine} aText={No storage device attached to device slot 0 on port 13 of controller 'SATA'}, preserve=false aResultDetail=0
00:00:00.170038 nspr-2   ERROR [COM]: aRC=VBOX_E_OBJECT_NOT_FOUND (0x80bb0001) aIID={85cd948e-a71f-4289-281e-0ca7ad48cd89} aComponent={SessionMachine} aText={No storage device attached to device slot 0 on port 14 of controller 'SATA'}, preserve=false aResultDetail=0
00:00:00.170107 nspr-2   ERROR [COM]: aRC=VBOX_E_OBJECT_NOT_FOUND (0x80bb0001) aIID={85cd948e-a71f-4289-281e-0ca7ad48cd89} aComponent={SessionMachine} aText={No storage device attached to device slot 0 on port 14 of controller 'SATA'}, preserve=false aResultDetail=0
00:00:00.170177 nspr-2   ERROR [COM]: aRC=VBOX_E_OBJECT_NOT_FOUND (0x80bb0001) aIID={85cd948e-a71f-4289-281e-0ca7ad48cd89} aComponent={SessionMachine} aText={No storage device attached to device slot 0 on port 15 of controller 'SATA'}, preserve=false aResultDetail=0
00:00:00.170245 nspr-2   ERROR [COM]: aRC=VBOX_E_OBJECT_NOT_FOUND (0x80bb0001) aIID={85cd948e-a71f-4289-281e-0ca7ad48cd89} aComponent={SessionMachine} aText={No storage device attached to device slot 0 on port 15 of controller 'SATA'}, preserve=false aResultDetail=0
00:00:00.170316 nspr-2   ERROR [COM]: aRC=VBOX_E_OBJECT_NOT_FOUND (0x80bb0001) aIID={85cd948e-a71f-4289-281e-0ca7ad48cd89} aComponent={SessionMachine} aText={No storage device attached to device slot 0 on port 16 of controller 'SATA'}, preserve=false aResultDetail=0
00:00:00.170385 nspr-2   ERROR [COM]: aRC=VBOX_E_OBJECT_NOT_FOUND (0x80bb0001) aIID={85cd948e-a71f-4289-281e-0ca7ad48cd89} aComponent={SessionMachine} aText={No storage device attached to device slot 0 on port 16 of controller 'SATA'}, preserve=false aResultDetail=0
00:00:00.170455 nspr-2   ERROR [COM]: aRC=VBOX_E_OBJECT_NOT_FOUND (0x80bb0001) aIID={85cd948e-a71f-4289-281e-0ca7ad48cd89} aComponent={SessionMachine} aText={No storage device attached to device slot 0 on port 17 of controller 'SATA'}, preserve=false aResultDetail=0
00:00:00.170524 nspr-2   ERROR [COM]: aRC=VBOX_E_OBJECT_NOT_FOUND (0x80bb0001) aIID={85cd948e-a71f-4289-281e-0ca7ad48cd89} aComponent={SessionMachine} aText={No storage device attached to device slot 0 on port 17 of controller 'SATA'}, preserve=false aResultDetail=0
00:00:00.170595 nspr-2   ERROR [COM]: aRC=VBOX_E_OBJECT_NOT_FOUND (0x80bb0001) aIID={85cd948e-a71f-4289-281e-0ca7ad48cd89} aComponent={SessionMachine} aText={No storage device attached to device slot 0 on port 18 of controller 'SATA'}, preserve=false aResultDetail=0
00:00:00.170664 nspr-2   ERROR [COM]: aRC=VBOX_E_OBJECT_NOT_FOUND (0x80bb0001) aIID={85cd948e-a71f-4289-281e-0ca7ad48cd89} aComponent={SessionMachine} aText={No storage device attached to device slot 0 on port 18 of controller 'SATA'}, preserve=false aResultDetail=0
00:00:00.170734 nspr-2   ERROR [COM]: aRC=VBOX_E_OBJECT_NOT_FOUND (0x80bb0001) aIID={85cd948e-a71f-4289-281e-0ca7ad48cd89} aComponent={SessionMachine} aText={No storage device attached to device slot 0 on port 19 of controller 'SATA'}, preserve=false aResultDetail=0
00:00:00.170803 nspr-2   ERROR [COM]: aRC=VBOX_E_OBJECT_NOT_FOUND (0x80bb0001) aIID={85cd948e-a71f-4289-281e-0ca7ad48cd89} aComponent={SessionMachine} aText={No storage device attached to device slot 0 on port 19 of controller 'SATA'}, preserve=false aResultDetail=0
00:00:00.170872 nspr-2   ERROR [COM]: aRC=VBOX_E_OBJECT_NOT_FOUND (0x80bb0001) aIID={85cd948e-a71f-4289-281e-0ca7ad48cd89} aComponent={SessionMachine} aText={No storage device attached to device slot 0 on port 20 of controller 'SATA'}, preserve=false aResultDetail=0
00:00:00.170941 nspr-2   ERROR [COM]: aRC=VBOX_E_OBJECT_NOT_FOUND (0x80bb0001) aIID={85cd948e-a71f-4289-281e-0ca7ad48cd89} aComponent={SessionMachine} aText={No storage device attached to device slot 0 on port 20 of controller 'SATA'}, preserve=false aResultDetail=0
00:00:00.171011 nspr-2   ERROR [COM]: aRC=VBOX_E_OBJECT_NOT_FOUND (0x80bb0001) aIID={85cd948e-a71f-4289-281e-0ca7ad48cd89} aComponent={SessionMachine} aText={No storage device attached to device slot 0 on port 21 of controller 'SATA'}, preserve=false aResultDetail=0
00:00:00.171084 nspr-2   ERROR [COM]: aRC=VBOX_E_OBJECT_NOT_FOUND (0x80bb0001) aIID={85cd948e-a71f-4289-281e-0ca7ad48cd89} aComponent={SessionMachine} aText={No storage device attached to device slot 0 on port 21 of controller 'SATA'}, preserve=false aResultDetail=0
00:00:00.171154 nspr-2   ERROR [COM]: aRC=VBOX_E_OBJECT_NOT_FOUND (0x80bb0001) aIID={85cd948e-a71f-4289-281e-0ca7ad48cd89} aComponent={SessionMachine} aText={No storage device attached to device slot 0 on port 22 of controller 'SATA'}, preserve=false aResultDetail=0
00:00:00.171222 nspr-2   ERROR [COM]: aRC=VBOX_E_OBJECT_NOT_FOUND (0x80bb0001) aIID={85cd948e-a71f-4289-281e-0ca7ad48cd89} aComponent={SessionMachine} aText={No storage device attached to device slot 0 on port 22 of controller 'SATA'}, preserve=false aResultDetail=0
00:00:00.171292 nspr-2   ERROR [COM]: aRC=VBOX_E_OBJECT_NOT_FOUND (0x80bb0001) aIID={85cd948e-a71f-4289-281e-0ca7ad48cd89} aComponent={SessionMachine} aText={No storage device attached to device slot 0 on port 23 of controller 'SATA'}, preserve=false aResultDetail=0
00:00:00.171361 nspr-2   ERROR [COM]: aRC=VBOX_E_OBJECT_NOT_FOUND (0x80bb0001) aIID={85cd948e-a71f-4289-281e-0ca7ad48cd89} aComponent={SessionMachine} aText={No storage device attached to device slot 0 on port 23 of controller 'SATA'}, preserve=false aResultDetail=0
00:00:00.171431 nspr-2   ERROR [COM]: aRC=VBOX_E_OBJECT_NOT_FOUND (0x80bb0001) aIID={85cd948e-a71f-4289-281e-0ca7ad48cd89} aComponent={SessionMachine} aText={No storage device attached to device slot 0 on port 24 of controller 'SATA'}, preserve=false aResultDetail=0
00:00:00.171499 nspr-2   ERROR [COM]: aRC=VBOX_E_OBJECT_NOT_FOUND (0x80bb0001) aIID={85cd948e-a71f-4289-281e-0ca7ad48cd89} aComponent={SessionMachine} aText={No storage device attached to device slot 0 on port 24 of controller 'SATA'}, preserve=false aResultDetail=0
00:00:00.171569 nspr-2   ERROR [COM]: aRC=VBOX_E_OBJECT_NOT_FOUND (0x80bb0001) aIID={85cd948e-a71f-4289-281e-0ca7ad48cd89} aComponent={SessionMachine} aText={No storage device attached to device slot 0 on port 25 of controller 'SATA'}, preserve=false aResultDetail=0
00:00:00.171637 nspr-2   ERROR [COM]: aRC=VBOX_E_OBJECT_NOT_FOUND (0x80bb0001) aIID={85cd948e-a71f-4289-281e-0ca7ad48cd89} aComponent={SessionMachine} aText={No storage device attached to device slot 0 on port 25 of controller 'SATA'}, preserve=false aResultDetail=0
00:00:00.171708 nspr-2   ERROR [COM]: aRC=VBOX_E_OBJECT_NOT_FOUND (0x80bb0001) aIID={85cd948e-a71f-4289-281e-0ca7ad48cd89} aComponent={SessionMachine} aText={No storage device attached to device slot 0 on port 26 of controller 'SATA'}, preserve=false aResultDetail=0
00:00:00.171776 nspr-2   ERROR [COM]: aRC=VBOX_E_OBJECT_NOT_FOUND (0x80bb0001) aIID={85cd948e-a71f-4289-281e-0ca7ad48cd89} aComponent={SessionMachine} aText={No storage device attached to device slot 0 on port 26 of controller 'SATA'}, preserve=false aResultDetail=0
00:00:00.171847 nspr-2   ERROR [COM]: aRC=VBOX_E_OBJECT_NOT_FOUND (0x80bb0001) aIID={85cd948e-a71f-4289-281e-0ca7ad48cd89} aComponent={SessionMachine} aText={No storage device attached to device slot 0 on port 27 of controller 'SATA'}, preserve=false aResultDetail=0
00:00:00.171960 nspr-2   ERROR [COM]: aRC=VBOX_E_OBJECT_NOT_FOUND (0x80bb0001) aIID={85cd948e-a71f-4289-281e-0ca7ad48cd89} aComponent={SessionMachine} aText={No storage device attached to device slot 0 on port 27 of controller 'SATA'}, preserve=false aResultDetail=0
00:00:00.172046 nspr-2   ERROR [COM]: aRC=VBOX_E_OBJECT_NOT_FOUND (0x80bb0001) aIID={85cd948e-a71f-4289-281e-0ca7ad48cd89} aComponent={SessionMachine} aText={No storage device attached to device slot 0 on port 28 of controller 'SATA'}, preserve=false aResultDetail=0
00:00:00.172120 nspr-2   ERROR [COM]: aRC=VBOX_E_OBJECT_NOT_FOUND (0x80bb0001) aIID={85cd948e-a71f-4289-281e-0ca7ad48cd89} aComponent={SessionMachine} aText={No storage device attached to device slot 0 on port 28 of controller 'SATA'}, preserve=false aResultDetail=0
00:00:00.172199 nspr-2   ERROR [COM]: aRC=VBOX_E_OBJECT_NOT_FOUND (0x80bb0001) aIID={85cd948e-a71f-4289-281e-0ca7ad48cd89} aComponent={SessionMachine} aText={No storage device attached to device slot 0 on port 29 of controller 'SATA'}, preserve=false aResultDetail=0
00:00:00.172270 nspr-2   ERROR [COM]: aRC=VBOX_E_OBJECT_NOT_FOUND (0x80bb0001) aIID={85cd948e-a71f-4289-281e-0ca7ad48cd89} aComponent={SessionMachine} aText={No storage device attached to device slot 0 on port 29 of controller 'SATA'}, preserve=false aResultDetail=0
00:00:00.177400 nspr-2   WARNING [COM]: aRC=NS_ERROR_FAILURE (0x80004005) aIID={afca788c-4477-787d-60b2-3fa70e56fbbc} aComponent={HostWrap} aText={VirtualBox is not currently allowed to access USB devices.  You can change this by adding your user to the 'vboxusers' group.  Please see the user manual for a more detailed explanation}, preserve=true  aResultDetail=0
00:00:00.177467 nspr-3   WARNING [COM]: aRC=NS_ERROR_FAILURE (0x80004005) aIID={afca788c-4477-787d-60b2-3fa70e56fbbc} aComponent={HostWrap} aText={VirtualBox is not currently allowed to access USB devices.  You can change this by adding your user to the 'vboxusers' group.  Please see the user manual for a more detailed explanation}, preserve=true  aResultDetail=0
00:00:00.178100 nspr-3   ERROR [COM]: aRC=NS_ERROR_FAILURE (0x80004005) aIID={85cd948e-a71f-4289-281e-0ca7ad48cd89} aComponent={SessionMachine} aText={This machine does not have any snapshots}, preserve=false aResultDetail=0
00:00:00.210373 nspr-2   Saving settings file "/home/naichuk/.config/VirtualBox/VirtualBox.xml" with version "1.12-linux"
00:00:05.234869 main     VirtualBox: object deletion starts
00:00:05.680814 Watcher  ERROR [COM]: aRC=E_ACCESSDENIED (0x80070005) aIID={9570b9d5-f1a1-448a-10c5-e12f5285adad} aComponent={VirtualBoxWrap} aText={The object is not ready}, preserve=false aResultDetail=0
00:00:10.235584 main     {00007fe4200161e0} HostPowerServiceLinux::~HostPowerServiceLinux: RTThreadWait() for 5000 ms failed with VERR_TIMEOUT
00:00:10.235875 main     VirtualBox: object deleted
